g:\cis565\project3-cuda-path-tracer\build\src\src.dir\debug\src.pdb
g:\cis565\project3-cuda-path-tracer\build\src\src.dir\debug\utilities.obj
g:\cis565\project3-cuda-path-tracer\build\src\src.dir\debug\preview.obj
g:\cis565\project3-cuda-path-tracer\build\src\src.dir\debug\scene.obj
g:\cis565\project3-cuda-path-tracer\build\src\src.dir\debug\glslutility.obj
g:\cis565\project3-cuda-path-tracer\build\src\src.dir\debug\image.obj
g:\cis565\project3-cuda-path-tracer\build\src\src.dir\debug\stb.obj
g:\cis565\project3-cuda-path-tracer\build\src\cmakefiles\src.dir\debug\src_generated_pathtrace.cu.obj
g:\cis565\project3-cuda-path-tracer\build\src\cmakefiles\generate.stamp
g:\cis565\project3-cuda-path-tracer\build\src\debug\src.lib
g:\cis565\project3-cuda-path-tracer\build\src\debug\src.pdb
g:\cis565\project3-cuda-path-tracer\build\src\src.dir\debug\src.tlog\cl.command.1.tlog
g:\cis565\project3-cuda-path-tracer\build\src\src.dir\debug\src.tlog\cl.read.1.tlog
g:\cis565\project3-cuda-path-tracer\build\src\src.dir\debug\src.tlog\cl.write.1.tlog
g:\cis565\project3-cuda-path-tracer\build\src\src.dir\debug\src.tlog\custombuild.command.1.tlog
g:\cis565\project3-cuda-path-tracer\build\src\src.dir\debug\src.tlog\custombuild.read.1.tlog
g:\cis565\project3-cuda-path-tracer\build\src\src.dir\debug\src.tlog\custombuild.write.1.tlog
g:\cis565\project3-cuda-path-tracer\build\src\src.dir\debug\src.tlog\lib-link.read.1.tlog
g:\cis565\project3-cuda-path-tracer\build\src\src.dir\debug\src.tlog\lib-link.write.1.tlog
g:\cis565\project3-cuda-path-tracer\build\src\src.dir\debug\src.tlog\lib.command.1.tlog
