  Building NVCC (Device) object stream_compaction/CMakeFiles/stream_compaction.dir/Release/stream_compaction_generated_efficient.cu.obj
  efficient.cu
c:\program files\nvidia gpu computing toolkit\cuda\v9.2\include\crt\math_functions.h : warning C4819: The file contains a character that cannot be represented in the current code page (936). Save the file in Unicode format to prevent data loss
c:\program files\nvidia gpu computing toolkit\cuda\v9.2\include\crt\math_functions.h(831): warning C4819: The file contains a character that cannot be represented in the current code page (936). Save the file in Unicode format to prevent data loss
c:\program files\nvidia gpu computing toolkit\cuda\v9.2\include\crt\math_functions.h(1769): warning C4819: The file contains a character that cannot be represented in the current code page (936). Save the file in Unicode format to prevent data loss
c:\program files\nvidia gpu computing toolkit\cuda\v9.2\include\crt\math_functions.h(2624): warning C4819: The file contains a character that cannot be represented in the current code page (936). Save the file in Unicode format to prevent data loss
c:\program files\nvidia gpu computing toolkit\cuda\v9.2\include\crt\math_functions.h(3462): warning C4819: The file contains a character that cannot be represented in the current code page (936). Save the file in Unicode format to prevent data loss
c:\program files\nvidia gpu computing toolkit\cuda\v9.2\include\crt\math_functions.h(4411): warning C4819: The file contains a character that cannot be represented in the current code page (936). Save the file in Unicode format to prevent data loss
c:\program files\nvidia gpu computing toolkit\cuda\v9.2\include\crt\math_functions.h(5309): warning C4819: The file contains a character that cannot be represented in the current code page (936). Save the file in Unicode format to prevent data loss
c:\program files\nvidia gpu computing toolkit\cuda\v9.2\include\crt\math_functions.h(6217): warning C4819: The file contains a character that cannot be represented in the current code page (936). Save the file in Unicode format to prevent data loss
c:\program files\nvidia gpu computing toolkit\cuda\v9.2\include\crt\math_functions.h(7097): warning C4819: The file contains a character that cannot be represented in the current code page (936). Save the file in Unicode format to prevent data loss
c:\program files\nvidia gpu computing toolkit\cuda\v9.2\include\crt\math_functions.h(7901): warning C4819: The file contains a character that cannot be represented in the current code page (936). Save the file in Unicode format to prevent data loss
c:\program files\nvidia gpu computing toolkit\cuda\v9.2\include\crt/device_functions.h : warning C4819: The file contains a character that cannot be represented in the current code page (936). Save the file in Unicode format to prevent data loss
c:\program files\nvidia gpu computing toolkit\cuda\v9.2\include\crt/device_functions.h(776): warning C4819: The file contains a character that cannot be represented in the current code page (936). Save the file in Unicode format to prevent data loss
c:\program files\nvidia gpu computing toolkit\cuda\v9.2\include\crt/device_functions.h(1636): warning C4819: The file contains a character that cannot be represented in the current code page (936). Save the file in Unicode format to prevent data loss
c:\program files\nvidia gpu computing toolkit\cuda\v9.2\include\crt\device_double_functions.h : warning C4819: The file contains a character that cannot be represented in the current code page (936). Save the file in Unicode format to prevent data loss
c:\program files\nvidia gpu computing toolkit\cuda\v9.2\include\sm_20_intrinsics.h : warning C4819: The file contains a character that cannot be represented in the current code page (936). Save the file in Unicode format to prevent data loss
c:\program files\nvidia gpu computing toolkit\cuda\v9.2\include\sm_20_intrinsics.h(925): warning C4819: The file contains a character that cannot be represented in the current code page (936). Save the file in Unicode format to prevent data loss
c:\program files\nvidia gpu computing toolkit\cuda\v9.2\include\crt\math_functions.h : warning C4819: The file contains a character that cannot be represented in the current code page (936). Save the file in Unicode format to prevent data loss
c:\program files\nvidia gpu computing toolkit\cuda\v9.2\include\crt\math_functions.h(831): warning C4819: The file contains a character that cannot be represented in the current code page (936). Save the file in Unicode format to prevent data loss
c:\program files\nvidia gpu computing toolkit\cuda\v9.2\include\crt\math_functions.h(1769): warning C4819: The file contains a character that cannot be represented in the current code page (936). Save the file in Unicode format to prevent data loss
c:\program files\nvidia gpu computing toolkit\cuda\v9.2\include\crt\math_functions.h(2624): warning C4819: The file contains a character that cannot be represented in the current code page (936). Save the file in Unicode format to prevent data loss
c:\program files\nvidia gpu computing toolkit\cuda\v9.2\include\crt\math_functions.h(3462): warning C4819: The file contains a character that cannot be represented in the current code page (936). Save the file in Unicode format to prevent data loss
c:\program files\nvidia gpu computing toolkit\cuda\v9.2\include\crt\math_functions.h(4411): warning C4819: The file contains a character that cannot be represented in the current code page (936). Save the file in Unicode format to prevent data loss
c:\program files\nvidia gpu computing toolkit\cuda\v9.2\include\crt\math_functions.h(5309): warning C4819: The file contains a character that cannot be represented in the current code page (936). Save the file in Unicode format to prevent data loss
c:\program files\nvidia gpu computing toolkit\cuda\v9.2\include\crt\math_functions.h(6217): warning C4819: The file contains a character that cannot be represented in the current code page (936). Save the file in Unicode format to prevent data loss
c:\program files\nvidia gpu computing toolkit\cuda\v9.2\include\crt\math_functions.h(7097): warning C4819: The file contains a character that cannot be represented in the current code page (936). Save the file in Unicode format to prevent data loss
c:\program files\nvidia gpu computing toolkit\cuda\v9.2\include\crt\math_functions.h(7901): warning C4819: The file contains a character that cannot be represented in the current code page (936). Save the file in Unicode format to prevent data loss
c:\program files\nvidia gpu computing toolkit\cuda\v9.2\include\crt/device_functions.h : warning C4819: The file contains a character that cannot be represented in the current code page (936). Save the file in Unicode format to prevent data loss
c:\program files\nvidia gpu computing toolkit\cuda\v9.2\include\crt/device_functions.h(776): warning C4819: The file contains a character that cannot be represented in the current code page (936). Save the file in Unicode format to prevent data loss
c:\program files\nvidia gpu computing toolkit\cuda\v9.2\include\crt/device_functions.h(1636): warning C4819: The file contains a character that cannot be represented in the current code page (936). Save the file in Unicode format to prevent data loss
c:\program files\nvidia gpu computing toolkit\cuda\v9.2\include\crt\device_double_functions.h : warning C4819: The file contains a character that cannot be represented in the current code page (936). Save the file in Unicode format to prevent data loss
c:\program files\nvidia gpu computing toolkit\cuda\v9.2\include\sm_20_intrinsics.h : warning C4819: The file contains a character that cannot be represented in the current code page (936). Save the file in Unicode format to prevent data loss
c:\program files\nvidia gpu computing toolkit\cuda\v9.2\include\sm_20_intrinsics.h(925): warning C4819: The file contains a character that cannot be represented in the current code page (936). Save the file in Unicode format to prevent data loss
c:\program files\nvidia gpu computing toolkit\cuda\v9.2\include\crt\math_functions.h : warning C4819: The file contains a character that cannot be represented in the current code page (936). Save the file in Unicode format to prevent data loss
c:\program files\nvidia gpu computing toolkit\cuda\v9.2\include\crt\math_functions.h(831): warning C4819: The file contains a character that cannot be represented in the current code page (936). Save the file in Unicode format to prevent data loss
c:\program files\nvidia gpu computing toolkit\cuda\v9.2\include\crt\math_functions.h(1769): warning C4819: The file contains a character that cannot be represented in the current code page (936). Save the file in Unicode format to prevent data loss
c:\program files\nvidia gpu computing toolkit\cuda\v9.2\include\crt\math_functions.h(2624): warning C4819: The file contains a character that cannot be represented in the current code page (936). Save the file in Unicode format to prevent data loss
c:\program files\nvidia gpu computing toolkit\cuda\v9.2\include\crt\math_functions.h(3462): warning C4819: The file contains a character that cannot be represented in the current code page (936). Save the file in Unicode format to prevent data loss
c:\program files\nvidia gpu computing toolkit\cuda\v9.2\include\crt\math_functions.h(4411): warning C4819: The file contains a character that cannot be represented in the current code page (936). Save the file in Unicode format to prevent data loss
c:\program files\nvidia gpu computing toolkit\cuda\v9.2\include\crt\math_functions.h(5309): warning C4819: The file contains a character that cannot be represented in the current code page (936). Save the file in Unicode format to prevent data loss
c:\program files\nvidia gpu computing toolkit\cuda\v9.2\include\crt\math_functions.h(6217): warning C4819: The file contains a character that cannot be represented in the current code page (936). Save the file in Unicode format to prevent data loss
c:\program files\nvidia gpu computing toolkit\cuda\v9.2\include\crt\math_functions.h(7097): warning C4819: The file contains a character that cannot be represented in the current code page (936). Save the file in Unicode format to prevent data loss
c:\program files\nvidia gpu computing toolkit\cuda\v9.2\include\crt\math_functions.h(7901): warning C4819: The file contains a character that cannot be represented in the current code page (936). Save the file in Unicode format to prevent data loss
c:\program files\nvidia gpu computing toolkit\cuda\v9.2\include\crt/device_functions.h : warning C4819: The file contains a character that cannot be represented in the current code page (936). Save the file in Unicode format to prevent data loss
c:\program files\nvidia gpu computing toolkit\cuda\v9.2\include\crt/device_functions.h(776): warning C4819: The file contains a character that cannot be represented in the current code page (936). Save the file in Unicode format to prevent data loss
c:\program files\nvidia gpu computing toolkit\cuda\v9.2\include\crt/device_functions.h(1636): warning C4819: The file contains a character that cannot be represented in the current code page (936). Save the file in Unicode format to prevent data loss
c:\program files\nvidia gpu computing toolkit\cuda\v9.2\include\crt\device_double_functions.h : warning C4819: The file contains a character that cannot be represented in the current code page (936). Save the file in Unicode format to prevent data loss
c:\program files\nvidia gpu computing toolkit\cuda\v9.2\include\sm_20_intrinsics.h : warning C4819: The file contains a character that cannot be represented in the current code page (936). Save the file in Unicode format to prevent data loss
c:\program files\nvidia gpu computing toolkit\cuda\v9.2\include\sm_20_intrinsics.h(925): warning C4819: The file contains a character that cannot be represented in the current code page (936). Save the file in Unicode format to prevent data loss
c:\program files\nvidia gpu computing toolkit\cuda\v9.2\include\crt\math_functions.h : warning C4819: The file contains a character that cannot be represented in the current code page (936). Save the file in Unicode format to prevent data loss
c:\program files\nvidia gpu computing toolkit\cuda\v9.2\include\crt\math_functions.h(831): warning C4819: The file contains a character that cannot be represented in the current code page (936). Save the file in Unicode format to prevent data loss
c:\program files\nvidia gpu computing toolkit\cuda\v9.2\include\crt\math_functions.h(1769): warning C4819: The file contains a character that cannot be represented in the current code page (936). Save the file in Unicode format to prevent data loss
c:\program files\nvidia gpu computing toolkit\cuda\v9.2\include\crt\math_functions.h(2624): warning C4819: The file contains a character that cannot be represented in the current code page (936). Save the file in Unicode format to prevent data loss
c:\program files\nvidia gpu computing toolkit\cuda\v9.2\include\crt\math_functions.h(3462): warning C4819: The file contains a character that cannot be represented in the current code page (936). Save the file in Unicode format to prevent data loss
c:\program files\nvidia gpu computing toolkit\cuda\v9.2\include\crt\math_functions.h(4411): warning C4819: The file contains a character that cannot be represented in the current code page (936). Save the file in Unicode format to prevent data loss
c:\program files\nvidia gpu computing toolkit\cuda\v9.2\include\crt\math_functions.h(5309): warning C4819: The file contains a character that cannot be represented in the current code page (936). Save the file in Unicode format to prevent data loss
c:\program files\nvidia gpu computing toolkit\cuda\v9.2\include\crt\math_functions.h(6217): warning C4819: The file contains a character that cannot be represented in the current code page (936). Save the file in Unicode format to prevent data loss
c:\program files\nvidia gpu computing toolkit\cuda\v9.2\include\crt\math_functions.h(7097): warning C4819: The file contains a character that cannot be represented in the current code page (936). Save the file in Unicode format to prevent data loss
c:\program files\nvidia gpu computing toolkit\cuda\v9.2\include\crt\math_functions.h(7901): warning C4819: The file contains a character that cannot be represented in the current code page (936). Save the file in Unicode format to prevent data loss
c:\program files\nvidia gpu computing toolkit\cuda\v9.2\include\crt/device_functions.h : warning C4819: The file contains a character that cannot be represented in the current code page (936). Save the file in Unicode format to prevent data loss
c:\program files\nvidia gpu computing toolkit\cuda\v9.2\include\crt/device_functions.h(776): warning C4819: The file contains a character that cannot be represented in the current code page (936). Save the file in Unicode format to prevent data loss
c:\program files\nvidia gpu computing toolkit\cuda\v9.2\include\crt/device_functions.h(1636): warning C4819: The file contains a character that cannot be represented in the current code page (936). Save the file in Unicode format to prevent data loss
c:\program files\nvidia gpu computing toolkit\cuda\v9.2\include\crt\device_double_functions.h : warning C4819: The file contains a character that cannot be represented in the current code page (936). Save the file in Unicode format to prevent data loss
c:\program files\nvidia gpu computing toolkit\cuda\v9.2\include\sm_20_intrinsics.h : warning C4819: The file contains a character that cannot be represented in the current code page (936). Save the file in Unicode format to prevent data loss
c:\program files\nvidia gpu computing toolkit\cuda\v9.2\include\sm_20_intrinsics.h(925): warning C4819: The file contains a character that cannot be represented in the current code page (936). Save the file in Unicode format to prevent data loss
  efficient.cu
c:\program files\nvidia gpu computing toolkit\cuda\v9.2\include\crt\math_functions.h : warning C4819: The file contains a character that cannot be represented in the current code page (936). Save the file in Unicode format to prevent data loss
c:\program files\nvidia gpu computing toolkit\cuda\v9.2\include\crt\math_functions.h(831): warning C4819: The file contains a character that cannot be represented in the current code page (936). Save the file in Unicode format to prevent data loss
c:\program files\nvidia gpu computing toolkit\cuda\v9.2\include\crt\math_functions.h(1769): warning C4819: The file contains a character that cannot be represented in the current code page (936). Save the file in Unicode format to prevent data loss
c:\program files\nvidia gpu computing toolkit\cuda\v9.2\include\crt\math_functions.h(2624): warning C4819: The file contains a character that cannot be represented in the current code page (936). Save the file in Unicode format to prevent data loss
c:\program files\nvidia gpu computing toolkit\cuda\v9.2\include\crt\math_functions.h(3462): warning C4819: The file contains a character that cannot be represented in the current code page (936). Save the file in Unicode format to prevent data loss
c:\program files\nvidia gpu computing toolkit\cuda\v9.2\include\crt\math_functions.h(4411): warning C4819: The file contains a character that cannot be represented in the current code page (936). Save the file in Unicode format to prevent data loss
c:\program files\nvidia gpu computing toolkit\cuda\v9.2\include\crt\math_functions.h(5309): warning C4819: The file contains a character that cannot be represented in the current code page (936). Save the file in Unicode format to prevent data loss
c:\program files\nvidia gpu computing toolkit\cuda\v9.2\include\crt\math_functions.h(6217): warning C4819: The file contains a character that cannot be represented in the current code page (936). Save the file in Unicode format to prevent data loss
c:\program files\nvidia gpu computing toolkit\cuda\v9.2\include\crt\math_functions.h(7097): warning C4819: The file contains a character that cannot be represented in the current code page (936). Save the file in Unicode format to prevent data loss
c:\program files\nvidia gpu computing toolkit\cuda\v9.2\include\crt\math_functions.h(7901): warning C4819: The file contains a character that cannot be represented in the current code page (936). Save the file in Unicode format to prevent data loss
  Building Custom Rule G:/CIS565/Project3-CUDA-Path-Tracer/stream_compaction/CMakeLists.txt
  CMake is re-running because G:/CIS565/Project3-CUDA-Path-Tracer/build/stream_compaction/CMakeFiles/generate.stamp is out-of-date.
    the file 'G:/CIS565/Project3-CUDA-Path-Tracer/build/stream_compaction/CMakeFiles/stream_compaction.dir/stream_compaction_generated_efficient.cu.obj.depend'
    is newer than 'G:/CIS565/Project3-CUDA-Path-Tracer/build/stream_compaction/CMakeFiles/generate.stamp.depend'
    result='-1'
  -- Selecting Windows SDK version  to target Windows 10.0.17134.
  -- Configuring done
  CMake Error at cmake/FindCUDA.cmake:1636 (add_library):
  -- Build files have been written to: G:/CIS565/Project3-CUDA-Path-Tracer/build
    No SOURCES given to target: stream_compaction
  Call Stack (most recent call first):
    stream_compaction/CMakeLists.txt:5 (cuda_add_library)
  
  
C:\Program Files (x86)\MSBuild\Microsoft.Cpp\v4.0\V140\Microsoft.CppCommon.targets(171,5): error MSB6006: "cmd.exe" exited with code 1.
